  try.cpp
D:\Programming\Visual_Studio22\MFC\try\try\try\try.cpp(4,9): warning C4278: “RGB”: 类型库“C:\\Program Files\\Microsoft Office\\root\\Office16\\EXCEL.EXE”中的标识符已经是宏；使用“rename”限定符
D:\Programming\Visual_Studio22\MFC\try\try\try\try.cpp(4,9): warning C4192: 导入类型库“IFont”时自动排除“C:\\Program Files\\Microsoft Office\\root\\Office16\\EXCEL.EXE”
D:\Programming\Visual_Studio22\MFC\try\try\try\try.cpp(4,9): warning C4192: 导入类型库“IPicture”时自动排除“C:\\Program Files\\Microsoft Office\\root\\Office16\\EXCEL.EXE”
D:\Programming\Visual_Studio22\MFC\try\try\try\try.cpp(4,9): warning C4278: “CopyFile”: 类型库“C:\\Program Files\\Microsoft Office\\root\\Office16\\EXCEL.EXE”中的标识符已经是宏；使用“rename”限定符
D:\Programming\Visual_Studio22\MFC\try\try\try\Debug\EXCEL.tlh(8747,33): warning C4003: 类函数宏的调用“RGB”参数不足
  (编译源文件“try.cpp”)
  
D:\Programming\Visual_Studio22\MFC\try\try\try\Debug\EXCEL.tlh(8747,33): error C2059: 语法错误:“(”
  (编译源文件“try.cpp”)
  
D:\Programming\Visual_Studio22\MFC\try\try\try\Debug\EXCEL.tlh(8747,44): error C2238: 意外的标记位于“;”之前
  (编译源文件“try.cpp”)
  
D:\Programming\Visual_Studio22\MFC\try\try\try\try.cpp(103,45): error C2039: "Workbooks": 不是 "Excel::_Application" 的成员
  D:\Programming\Visual_Studio22\MFC\try\try\try\Debug\EXCEL.tlh(35716,1):
  参见“Excel::_Application”的声明
  
D:\Programming\Visual_Studio22\MFC\try\try\try\try.cpp(106,50): error C2039: "Worksheets": 不是 "Excel::_Workbook" 的成员
  D:\Programming\Visual_Studio22\MFC\try\try\try\Debug\EXCEL.tlh(33479,1):
  参见“Excel::_Workbook”的声明
  
D:\Programming\Visual_Studio22\MFC\try\try\try\try.cpp(109,17): error C2039: "Cells": 不是 "Excel::_Worksheet" 的成员
  D:\Programming\Visual_Studio22\MFC\try\try\try\Debug\EXCEL.tlh(12359,1):
  参见“Excel::_Worksheet”的声明
  
D:\Programming\Visual_Studio22\MFC\try\try\try\try.cpp(110,17): error C2039: "Cells": 不是 "Excel::_Worksheet" 的成员
  D:\Programming\Visual_Studio22\MFC\try\try\try\Debug\EXCEL.tlh(12359,1):
  参见“Excel::_Worksheet”的声明
  
D:\Programming\Visual_Studio22\MFC\try\try\try\try.cpp(114,14): error C2660: “Excel::_Workbook::SaveAs”: 函数不接受 1 个参数
  D:\Programming\Visual_Studio22\MFC\try\try\try\Debug\EXCEL.tlh(34226,33):
  参见“Excel::_Workbook::SaveAs”的声明
  D:\Programming\Visual_Studio22\MFC\try\try\try\try.cpp(114,14):
  尝试匹配参数列表“(_bstr_t)”时
  
